{"C:\\Users\\houseplayer\\Desktop\\fpwd\\repositories\\question.js": {"path":"C:\\Users\\houseplayer\\Desktop\\fpwd\\repositories\\question.js","statementMap":{"0":{"start":{"line":1,"column":32},"end":{"line":1,"column":54}},"1":{"start":{"line":2,"column":23},"end":{"line":2,"column":38}},"2":{"start":{"line":4,"column":31},"end":{"line":85,"column":1}},"3":{"start":{"line":5,"column":23},"end":{"line":10,"column":3}},"4":{"start":{"line":6,"column":24},"end":{"line":6,"column":71}},"5":{"start":{"line":7,"column":22},"end":{"line":7,"column":45}},"6":{"start":{"line":9,"column":4},"end":{"line":9,"column":20}},"7":{"start":{"line":12,"column":26},"end":{"line":18,"column":3}},"8":{"start":{"line":13,"column":24},"end":{"line":13,"column":71}},"9":{"start":{"line":14,"column":22},"end":{"line":14,"column":45}},"10":{"start":{"line":15,"column":21},"end":{"line":15,"column":61}},"11":{"start":{"line":15,"column":41},"end":{"line":15,"column":60}},"12":{"start":{"line":17,"column":4},"end":{"line":17,"column":19}},"13":{"start":{"line":20,"column":22},"end":{"line":35,"column":3}},"14":{"start":{"line":21,"column":24},"end":{"line":21,"column":71}},"15":{"start":{"line":22,"column":20},"end":{"line":22,"column":43}},"16":{"start":{"line":24,"column":24},"end":{"line":29,"column":5}},"17":{"start":{"line":31,"column":4},"end":{"line":31,"column":59}},"18":{"start":{"line":32,"column":4},"end":{"line":32,"column":63}},"19":{"start":{"line":34,"column":4},"end":{"line":34,"column":22}},"20":{"start":{"line":37,"column":21},"end":{"line":44,"column":3}},"21":{"start":{"line":38,"column":24},"end":{"line":38,"column":71}},"22":{"start":{"line":39,"column":22},"end":{"line":39,"column":45}},"23":{"start":{"line":40,"column":21},"end":{"line":40,"column":61}},"24":{"start":{"line":40,"column":41},"end":{"line":40,"column":60}},"25":{"start":{"line":41,"column":20},"end":{"line":41,"column":36}},"26":{"start":{"line":43,"column":4},"end":{"line":43,"column":18}},"27":{"start":{"line":46,"column":20},"end":{"line":54,"column":3}},"28":{"start":{"line":47,"column":24},"end":{"line":47,"column":71}},"29":{"start":{"line":48,"column":22},"end":{"line":48,"column":45}},"30":{"start":{"line":49,"column":21},"end":{"line":49,"column":61}},"31":{"start":{"line":49,"column":41},"end":{"line":49,"column":60}},"32":{"start":{"line":50,"column":20},"end":{"line":50,"column":36}},"33":{"start":{"line":51,"column":19},"end":{"line":51,"column":55}},"34":{"start":{"line":51,"column":38},"end":{"line":51,"column":53}},"35":{"start":{"line":53,"column":4},"end":{"line":53,"column":17}},"36":{"start":{"line":56,"column":20},"end":{"line":75,"column":3}},"37":{"start":{"line":57,"column":24},"end":{"line":57,"column":71}},"38":{"start":{"line":58,"column":20},"end":{"line":58,"column":43}},"39":{"start":{"line":59,"column":19},"end":{"line":59,"column":59}},"40":{"start":{"line":59,"column":39},"end":{"line":59,"column":58}},"41":{"start":{"line":61,"column":22},"end":{"line":65,"column":5}},"42":{"start":{"line":67,"column":4},"end":{"line":67,"column":73}},"43":{"start":{"line":68,"column":4},"end":{"line":71,"column":6}},"44":{"start":{"line":69,"column":31},"end":{"line":69,"column":50}},"45":{"start":{"line":72,"column":4},"end":{"line":72,"column":63}},"46":{"start":{"line":74,"column":4},"end":{"line":74,"column":20}},"47":{"start":{"line":77,"column":2},"end":{"line":84,"column":3}},"48":{"start":{"line":87,"column":0},"end":{"line":87,"column":43}}},"fnMap":{"0":{"name":"(anonymous_0)","decl":{"start":{"line":4,"column":31},"end":{"line":4,"column":32}},"loc":{"start":{"line":4,"column":43},"end":{"line":85,"column":1}},"line":4},"1":{"name":"(anonymous_1)","decl":{"start":{"line":5,"column":23},"end":{"line":5,"column":24}},"loc":{"start":{"line":5,"column":35},"end":{"line":10,"column":3}},"line":5},"2":{"name":"(anonymous_2)","decl":{"start":{"line":12,"column":26},"end":{"line":12,"column":27}},"loc":{"start":{"line":12,"column":52},"end":{"line":18,"column":3}},"line":12},"3":{"name":"(anonymous_3)","decl":{"start":{"line":15,"column":36},"end":{"line":15,"column":37}},"loc":{"start":{"line":15,"column":41},"end":{"line":15,"column":60}},"line":15},"4":{"name":"(anonymous_4)","decl":{"start":{"line":20,"column":22},"end":{"line":20,"column":23}},"loc":{"start":{"line":20,"column":53},"end":{"line":35,"column":3}},"line":20},"5":{"name":"(anonymous_5)","decl":{"start":{"line":37,"column":21},"end":{"line":37,"column":22}},"loc":{"start":{"line":37,"column":47},"end":{"line":44,"column":3}},"line":37},"6":{"name":"(anonymous_6)","decl":{"start":{"line":40,"column":36},"end":{"line":40,"column":37}},"loc":{"start":{"line":40,"column":41},"end":{"line":40,"column":60}},"line":40},"7":{"name":"(anonymous_7)","decl":{"start":{"line":46,"column":20},"end":{"line":46,"column":21}},"loc":{"start":{"line":46,"column":56},"end":{"line":54,"column":3}},"line":46},"8":{"name":"(anonymous_8)","decl":{"start":{"line":49,"column":36},"end":{"line":49,"column":37}},"loc":{"start":{"line":49,"column":41},"end":{"line":49,"column":60}},"line":49},"9":{"name":"(anonymous_9)","decl":{"start":{"line":51,"column":32},"end":{"line":51,"column":33}},"loc":{"start":{"line":51,"column":38},"end":{"line":51,"column":53}},"line":51},"10":{"name":"(anonymous_10)","decl":{"start":{"line":56,"column":20},"end":{"line":56,"column":21}},"loc":{"start":{"line":56,"column":67},"end":{"line":75,"column":3}},"line":56},"11":{"name":"(anonymous_11)","decl":{"start":{"line":59,"column":34},"end":{"line":59,"column":35}},"loc":{"start":{"line":59,"column":39},"end":{"line":59,"column":58}},"line":59},"12":{"name":"(anonymous_12)","decl":{"start":{"line":69,"column":26},"end":{"line":69,"column":27}},"loc":{"start":{"line":69,"column":31},"end":{"line":69,"column":50}},"line":69}},"branchMap":{},"s":{"0":1,"1":1,"2":1,"3":1,"4":2,"5":2,"6":2,"7":1,"8":1,"9":1,"10":1,"11":1,"12":1,"13":1,"14":1,"15":1,"16":1,"17":1,"18":1,"19":1,"20":1,"21":1,"22":1,"23":1,"24":1,"25":1,"26":1,"27":1,"28":1,"29":1,"30":1,"31":1,"32":1,"33":1,"34":1,"35":1,"36":1,"37":1,"38":1,"39":1,"40":2,"41":1,"42":1,"43":1,"44":3,"45":1,"46":1,"47":1,"48":1},"f":{"0":1,"1":2,"2":1,"3":1,"4":1,"5":1,"6":1,"7":1,"8":1,"9":1,"10":1,"11":2,"12":3},"b":{},"_coverageSchema":"1a1c01bbd47fc00a2c39e90264f33305004495a9","hash":"b3b108012564557294f0cbceebbb655ddb1aa490"}
}
