TN:
SF:repositories\question.js
FN:4,(anonymous_0)
FN:5,(anonymous_1)
FN:12,(anonymous_2)
FN:15,(anonymous_3)
FN:20,(anonymous_4)
FN:37,(anonymous_5)
FN:40,(anonymous_6)
FN:46,(anonymous_7)
FN:49,(anonymous_8)
FN:51,(anonymous_9)
FN:56,(anonymous_10)
FN:59,(anonymous_11)
FN:69,(anonymous_12)
FNF:13
FNH:13
FNDA:1,(anonymous_0)
FNDA:2,(anonymous_1)
FNDA:1,(anonymous_2)
FNDA:1,(anonymous_3)
FNDA:1,(anonymous_4)
FNDA:1,(anonymous_5)
FNDA:1,(anonymous_6)
FNDA:1,(anonymous_7)
FNDA:1,(anonymous_8)
FNDA:1,(anonymous_9)
FNDA:1,(anonymous_10)
FNDA:2,(anonymous_11)
FNDA:3,(anonymous_12)
DA:1,1
DA:2,1
DA:4,1
DA:5,1
DA:6,2
DA:7,2
DA:9,2
DA:12,1
DA:13,1
DA:14,1
DA:15,1
DA:17,1
DA:20,1
DA:21,1
DA:22,1
DA:24,1
DA:31,1
DA:32,1
DA:34,1
DA:37,1
DA:38,1
DA:39,1
DA:40,1
DA:41,1
DA:43,1
DA:46,1
DA:47,1
DA:48,1
DA:49,1
DA:50,1
DA:51,1
DA:53,1
DA:56,1
DA:57,1
DA:58,1
DA:59,2
DA:61,1
DA:67,1
DA:68,1
DA:69,3
DA:72,1
DA:74,1
DA:77,1
DA:87,1
LF:44
LH:44
BRF:0
BRH:0
end_of_record
